2025-01-29 13:03:05 Loading main app package /usr/lib/obsidian/obsidian.asar
2025-01-29 13:03:05 Checking for update using Github
2025-01-29 13:03:06 Success.
2025-01-29 13:03:06 Latest version is 1.7.7
2025-01-29 13:03:06 App is up to date.
2025-01-29 13:06:31 Loading main app package /usr/lib/obsidian/obsidian.asar
2025-01-29 13:06:31 Checking for update using Github
2025-01-29 13:06:32 Success.
2025-01-29 13:06:32 Latest version is 1.7.7
2025-01-29 13:06:32 App is up to date.
2025-01-29 14:14:57 Loading main app package /usr/lib/obsidian/obsidian.asar
2025-01-29 14:14:57 Checking for update using Github
2025-01-29 14:14:57 Success.
2025-01-29 14:14:57 Latest version is 1.7.7
2025-01-29 14:14:57 App is up to date.
2025-01-29 14:15:14 Loading main app package /usr/lib/obsidian/obsidian.asar
2025-01-29 14:15:14 Checking for update using Github
2025-01-29 14:15:14 Success.
2025-01-29 14:15:14 Latest version is 1.7.7
2025-01-29 14:15:14 App is up to date.
2025-01-29 14:32:53 Loading main app package /usr/lib/obsidian/obsidian.asar
2025-01-29 14:32:54 Checking for update using Github
2025-01-29 14:32:54 Success.
2025-01-29 14:32:54 Latest version is 1.7.7
2025-01-29 14:32:54 App is up to date.
2025-01-29 14:44:42 Loading main app package /usr/lib/obsidian/obsidian.asar
2025-01-29 14:44:42 Checking for update using Github
2025-01-29 14:44:42 Success.
2025-01-29 14:44:42 Latest version is 1.7.7
2025-01-29 14:44:42 App is up to date.
2025-01-29 14:56:00 Loading main app package /usr/lib/obsidian/obsidian.asar
2025-01-29 14:56:01 Checking for update using Github
2025-01-29 14:56:01 Success.
2025-01-29 14:56:01 Latest version is 1.7.7
2025-01-29 14:56:01 App is up to date.
2025-01-29 15:01:59 Loading main app package /usr/lib/obsidian/obsidian.asar
2025-01-29 15:01:59 Checking for update using Github
2025-01-29 15:01:59 Success.
2025-01-29 15:01:59 Latest version is 1.7.7
2025-01-29 15:01:59 App is up to date.
2025-01-29 15:31:53 Loading main app package /usr/lib/obsidian/obsidian.asar
2025-01-29 15:31:54 Checking for update using Github
2025-01-29 15:31:54 Success.
2025-01-29 15:31:54 Latest version is 1.7.7
2025-01-29 15:31:54 App is up to date.
2025-01-29 15:33:38 Loading main app package /usr/lib/obsidian/obsidian.asar
2025-01-29 15:33:38 Checking for update using Github
2025-01-29 15:33:38 Success.
2025-01-29 15:33:38 Latest version is 1.7.7
2025-01-29 15:33:38 App is up to date.
2025-01-29 16:33:38 Checking for update using Github
2025-01-29 16:33:38 Success.
2025-01-29 16:33:38 Latest version is 1.7.7
2025-01-29 16:33:38 App is up to date.
2025-02-02 13:00:04 Loading main app package /usr/lib/obsidian/obsidian.asar
2025-02-02 13:00:04 Checking for update using Github
2025-02-02 13:00:04 Success.
2025-02-02 13:00:04 Latest version is 1.8.4
2025-02-02 13:00:04 Downloading update from https://github.com/obsidianmd/obsidian-releases/releases/download/v1.8.4/obsidian-1.8.4.asar.gz
2025-02-02 13:00:06 Verifying hash & signature. Size= 8123782
2025-02-02 13:00:06 Saving file
2025-02-02 13:00:07 Update complete.
